16:32:46.826 INFO - Selenium build info: version: '3.7.1', revision: '8a0099a'
16:32:46.826 INFO - Launching a standalone Selenium Server
2018-02-26 16:32:46.847:INFO::main: Logging initialized @210ms to org.seleniumhq.jetty9.util.log.StdErrLog
16:32:46.891 INFO - Driver class not found: com.opera.core.systems.OperaDriver
16:32:46.923 INFO - Driver provider class org.openqa.selenium.ie.InternetExplorerDriver registration is skipped:
 registration capabilities Capabilities {browserName: internet explorer, ensureCleanSession: true, platform: WINDOWS, version: } does not match the current platform MAC
16:32:46.923 INFO - Driver provider class org.openqa.selenium.edge.EdgeDriver registration is skipped:
 registration capabilities Capabilities {browserName: MicrosoftEdge, platform: WINDOWS, version: } does not match the current platform MAC
16:32:46.961 INFO - Using the passthrough mode handler
2018-02-26 16:32:46.985:INFO:osjs.Server:main: jetty-9.4.5.v20170502
2018-02-26 16:32:47.007:WARN:osjs.SecurityHandler:main: ServletContext@o.s.j.s.ServletContextHandler@ea1a8d5{/,null,STARTING} has uncovered http methods for path: /
2018-02-26 16:32:47.011:INFO:osjsh.ContextHandler:main: Started o.s.j.s.ServletContextHandler@ea1a8d5{/,null,AVAILABLE}
2018-02-26 16:32:47.037:INFO:osjs.AbstractConnector:main: Started ServerConnector@42d8062c{HTTP/1.1,[http/1.1]}{0.0.0.0:2234}
2018-02-26 16:32:47.038:INFO:osjs.Server:main: Started @401ms
16:32:47.038 INFO - Selenium Server is up and running
2018-02-26 16:32:47.418:INFO:osjshC.ROOT:qtp1763847188-10: org.openqa.selenium.remote.server.WebDriverServlet-6fc6f14e: Initialising WebDriverServlet
16:32:47.454 INFO - Found handler: org.openqa.selenium.remote.server.commandhandler.BeginSession@11b2b509
16:32:47.458 INFO - /session: Executing POST on /session (handler: BeginSession)
16:32:47.503 INFO - Capabilities are: Capabilities {acceptSslCerts: true, browserName: chrome, javascriptEnabled: true, name: default}
16:32:47.505 INFO - Capabilities {acceptSslCerts: true, browserName: chrome, javascriptEnabled: true, name: default} matched class org.openqa.selenium.remote.server.ServicedSession$Factory (provider: org.openqa.selenium.chrome.ChromeDriverService)
Starting ChromeDriver 2.33.506106 (8a06c39c4582fbfbab6966dbb1c38a9173bfb1a2) on port 34162
Only local connections are allowed.
16:32:48.352 INFO - Detected dialect: OSS
16:32:48.625 INFO - Found handler: org.openqa.selenium.remote.server.ServicedSession@28a57e98
16:32:48.625 INFO - Handler thread for session 2fe6678e114ad1dbaf6ea4a96e7a0857 (chrome): Executing POST on /session/2fe6678e114ad1dbaf6ea4a96e7a0857/url (handler: ServicedSession)
16:32:48.627 INFO - To upstream: {"url":"http://localhost:7000"}
16:32:51.703 INFO - To downstream: {"sessionId":"2fe6678e114ad1dbaf6ea4a96e7a0857","status":0,"value":null}
16:32:51.709 INFO - Found handler: org.openqa.selenium.remote.server.ServicedSession@28a57e98
16:32:51.709 INFO - Handler thread for session 2fe6678e114ad1dbaf6ea4a96e7a0857 (chrome): Executing POST on /session/2fe6678e114ad1dbaf6ea4a96e7a0857/elements (handler: ServicedSession)
16:32:51.711 INFO - To upstream: {"using":"css selector","value":"body"}
16:32:51.725 INFO - To downstream: {"sessionId":"2fe6678e114ad1dbaf6ea4a96e7a0857","status":0,"value":[{"ELEMENT":"0.5104149059159475-1"}]}
16:32:51.728 INFO - Found handler: org.openqa.selenium.remote.server.ServicedSession@28a57e98
16:32:51.729 INFO - Handler thread for session 2fe6678e114ad1dbaf6ea4a96e7a0857 (chrome): Executing GET on /session/2fe6678e114ad1dbaf6ea4a96e7a0857/element/0.5104149059159475-1/displayed (handler: ServicedSession)
16:32:51.738 INFO - To downstream: {"sessionId":"2fe6678e114ad1dbaf6ea4a96e7a0857","status":0,"value":true}
16:32:51.744 INFO - Found handler: org.openqa.selenium.remote.server.ServicedSession@28a57e98
16:32:51.744 INFO - Handler thread for session 2fe6678e114ad1dbaf6ea4a96e7a0857 (chrome): Executing GET on /session/2fe6678e114ad1dbaf6ea4a96e7a0857/title (handler: ServicedSession)
16:32:51.748 INFO - To downstream: {"sessionId":"2fe6678e114ad1dbaf6ea4a96e7a0857","status":0,"value":"Get Your Recipe"}
16:32:51.751 INFO - Found handler: org.openqa.selenium.remote.server.ServicedSession@28a57e98
16:32:51.751 INFO - Handler thread for session 2fe6678e114ad1dbaf6ea4a96e7a0857 (chrome): Executing POST on /session/2fe6678e114ad1dbaf6ea4a96e7a0857/element (handler: ServicedSession)
16:32:51.752 INFO - To upstream: {"using":"css selector","value":"#signIn"}
16:32:51.761 INFO - To downstream: {"sessionId":"2fe6678e114ad1dbaf6ea4a96e7a0857","status":0,"value":{"ELEMENT":"0.5104149059159475-2"}}
16:32:51.764 INFO - Found handler: org.openqa.selenium.remote.server.ServicedSession@28a57e98
16:32:51.764 INFO - Handler thread for session 2fe6678e114ad1dbaf6ea4a96e7a0857 (chrome): Executing GET on /session/2fe6678e114ad1dbaf6ea4a96e7a0857/element/0.5104149059159475-2/text (handler: ServicedSession)
16:32:51.776 INFO - To downstream: {"sessionId":"2fe6678e114ad1dbaf6ea4a96e7a0857","status":0,"value":"Sign In"}
16:32:51.779 INFO - Found handler: org.openqa.selenium.remote.server.ServicedSession@28a57e98
16:32:51.779 INFO - Handler thread for session 2fe6678e114ad1dbaf6ea4a96e7a0857 (chrome): Executing POST on /session/2fe6678e114ad1dbaf6ea4a96e7a0857/element (handler: ServicedSession)
16:32:51.780 INFO - To upstream: {"using":"css selector","value":"#signUp"}
16:32:51.788 INFO - To downstream: {"sessionId":"2fe6678e114ad1dbaf6ea4a96e7a0857","status":0,"value":{"ELEMENT":"0.5104149059159475-3"}}
16:32:51.790 INFO - Found handler: org.openqa.selenium.remote.server.ServicedSession@28a57e98
16:32:51.791 INFO - Handler thread for session 2fe6678e114ad1dbaf6ea4a96e7a0857 (chrome): Executing GET on /session/2fe6678e114ad1dbaf6ea4a96e7a0857/element/0.5104149059159475-3/text (handler: ServicedSession)
16:32:51.801 INFO - To downstream: {"sessionId":"2fe6678e114ad1dbaf6ea4a96e7a0857","status":0,"value":"Sign Up"}
16:32:51.805 INFO - Found handler: org.openqa.selenium.remote.server.ServicedSession@28a57e98
16:32:51.806 INFO - Handler thread for session 2fe6678e114ad1dbaf6ea4a96e7a0857 (chrome): Executing POST on /session/2fe6678e114ad1dbaf6ea4a96e7a0857/element (handler: ServicedSession)
16:32:51.806 INFO - To upstream: {"using":"css selector","value":".overlay__h3"}
16:32:51.815 INFO - To downstream: {"sessionId":"2fe6678e114ad1dbaf6ea4a96e7a0857","status":0,"value":{"ELEMENT":"0.5104149059159475-4"}}
16:32:51.817 INFO - Found handler: org.openqa.selenium.remote.server.ServicedSession@28a57e98
16:32:51.817 INFO - Handler thread for session 2fe6678e114ad1dbaf6ea4a96e7a0857 (chrome): Executing GET on /session/2fe6678e114ad1dbaf6ea4a96e7a0857/element/0.5104149059159475-4/text (handler: ServicedSession)
16:32:51.829 INFO - To downstream: {"sessionId":"2fe6678e114ad1dbaf6ea4a96e7a0857","status":0,"value":"Welcome To Recipes. All About Reciping"}
16:32:51.832 INFO - Found handler: org.openqa.selenium.remote.server.ServicedSession@28a57e98
16:32:51.832 INFO - Handler thread for session 2fe6678e114ad1dbaf6ea4a96e7a0857 (chrome): Executing POST on /session/2fe6678e114ad1dbaf6ea4a96e7a0857/elements (handler: ServicedSession)
16:32:51.833 INFO - To upstream: {"using":"css selector","value":"body"}
16:32:51.838 INFO - To downstream: {"sessionId":"2fe6678e114ad1dbaf6ea4a96e7a0857","status":0,"value":[{"ELEMENT":"0.5104149059159475-1"}]}
16:32:51.840 INFO - Found handler: org.openqa.selenium.remote.server.ServicedSession@28a57e98
16:32:51.841 INFO - Handler thread for session 2fe6678e114ad1dbaf6ea4a96e7a0857 (chrome): Executing GET on /session/2fe6678e114ad1dbaf6ea4a96e7a0857/element/0.5104149059159475-1/displayed (handler: ServicedSession)
16:32:51.845 INFO - To downstream: {"sessionId":"2fe6678e114ad1dbaf6ea4a96e7a0857","status":0,"value":true}
16:32:51.848 INFO - Found handler: org.openqa.selenium.remote.server.ServicedSession@28a57e98
16:32:51.848 INFO - Handler thread for session 2fe6678e114ad1dbaf6ea4a96e7a0857 (chrome): Executing GET on /session/2fe6678e114ad1dbaf6ea4a96e7a0857/title (handler: ServicedSession)
16:32:51.850 INFO - To downstream: {"sessionId":"2fe6678e114ad1dbaf6ea4a96e7a0857","status":0,"value":"Get Your Recipe"}
16:32:51.853 INFO - Found handler: org.openqa.selenium.remote.server.ServicedSession@28a57e98
16:32:51.853 INFO - Handler thread for session 2fe6678e114ad1dbaf6ea4a96e7a0857 (chrome): Executing POST on /session/2fe6678e114ad1dbaf6ea4a96e7a0857/element (handler: ServicedSession)
16:32:51.854 INFO - To upstream: {"using":"css selector","value":"#signIn"}
16:32:51.859 INFO - To downstream: {"sessionId":"2fe6678e114ad1dbaf6ea4a96e7a0857","status":0,"value":{"ELEMENT":"0.5104149059159475-2"}}
16:32:51.861 INFO - Found handler: org.openqa.selenium.remote.server.ServicedSession@28a57e98
16:32:51.861 INFO - Handler thread for session 2fe6678e114ad1dbaf6ea4a96e7a0857 (chrome): Executing GET on /session/2fe6678e114ad1dbaf6ea4a96e7a0857/element/0.5104149059159475-2/text (handler: ServicedSession)
16:32:51.867 INFO - To downstream: {"sessionId":"2fe6678e114ad1dbaf6ea4a96e7a0857","status":0,"value":"Sign In"}
16:32:51.870 INFO - Found handler: org.openqa.selenium.remote.server.ServicedSession@28a57e98
16:32:51.870 INFO - Handler thread for session 2fe6678e114ad1dbaf6ea4a96e7a0857 (chrome): Executing POST on /session/2fe6678e114ad1dbaf6ea4a96e7a0857/element (handler: ServicedSession)
16:32:51.871 INFO - To upstream: {"using":"css selector","value":"#signUp"}
16:32:51.875 INFO - To downstream: {"sessionId":"2fe6678e114ad1dbaf6ea4a96e7a0857","status":0,"value":{"ELEMENT":"0.5104149059159475-3"}}
16:32:51.877 INFO - Found handler: org.openqa.selenium.remote.server.ServicedSession@28a57e98
16:32:51.877 INFO - Handler thread for session 2fe6678e114ad1dbaf6ea4a96e7a0857 (chrome): Executing GET on /session/2fe6678e114ad1dbaf6ea4a96e7a0857/element/0.5104149059159475-3/text (handler: ServicedSession)
16:32:51.886 INFO - To downstream: {"sessionId":"2fe6678e114ad1dbaf6ea4a96e7a0857","status":0,"value":"Sign Up"}
16:32:51.888 INFO - Found handler: org.openqa.selenium.remote.server.ServicedSession@28a57e98
16:32:51.888 INFO - Handler thread for session 2fe6678e114ad1dbaf6ea4a96e7a0857 (chrome): Executing POST on /session/2fe6678e114ad1dbaf6ea4a96e7a0857/element (handler: ServicedSession)
16:32:51.889 INFO - To upstream: {"using":"css selector","value":".overlay__h3"}
16:32:51.894 INFO - To downstream: {"sessionId":"2fe6678e114ad1dbaf6ea4a96e7a0857","status":0,"value":{"ELEMENT":"0.5104149059159475-4"}}
16:32:51.896 INFO - Found handler: org.openqa.selenium.remote.server.ServicedSession@28a57e98
16:32:51.896 INFO - Handler thread for session 2fe6678e114ad1dbaf6ea4a96e7a0857 (chrome): Executing GET on /session/2fe6678e114ad1dbaf6ea4a96e7a0857/element/0.5104149059159475-4/text (handler: ServicedSession)
16:32:51.901 INFO - To downstream: {"sessionId":"2fe6678e114ad1dbaf6ea4a96e7a0857","status":0,"value":"Welcome To Recipes. All About Reciping"}
16:32:51.904 INFO - Found handler: org.openqa.selenium.remote.server.ServicedSession@28a57e98
16:32:51.904 INFO - Handler thread for session 2fe6678e114ad1dbaf6ea4a96e7a0857 (chrome): Executing POST on /session/2fe6678e114ad1dbaf6ea4a96e7a0857/element (handler: ServicedSession)
16:32:51.905 INFO - To upstream: {"using":"css selector","value":".title__link"}
16:32:51.913 INFO - To downstream: {"sessionId":"2fe6678e114ad1dbaf6ea4a96e7a0857","status":0,"value":{"ELEMENT":"0.5104149059159475-5"}}
16:32:51.915 INFO - Found handler: org.openqa.selenium.remote.server.ServicedSession@28a57e98
16:32:51.915 INFO - Handler thread for session 2fe6678e114ad1dbaf6ea4a96e7a0857 (chrome): Executing GET on /session/2fe6678e114ad1dbaf6ea4a96e7a0857/element/0.5104149059159475-5/text (handler: ServicedSession)
16:32:51.927 INFO - To downstream: {"sessionId":"2fe6678e114ad1dbaf6ea4a96e7a0857","status":0,"value":"Recipes"}
16:32:51.930 INFO - Found handler: org.openqa.selenium.remote.server.ServicedSession@28a57e98
16:32:51.930 INFO - Handler thread for session 2fe6678e114ad1dbaf6ea4a96e7a0857 (chrome): Executing POST on /session/2fe6678e114ad1dbaf6ea4a96e7a0857/element (handler: ServicedSession)
16:32:51.931 INFO - To upstream: {"using":"css selector","value":"#brand"}
16:32:51.940 INFO - To downstream: {"sessionId":"2fe6678e114ad1dbaf6ea4a96e7a0857","status":0,"value":{"ELEMENT":"0.5104149059159475-6"}}
16:32:51.942 INFO - Found handler: org.openqa.selenium.remote.server.ServicedSession@28a57e98
16:32:51.942 INFO - Handler thread for session 2fe6678e114ad1dbaf6ea4a96e7a0857 (chrome): Executing GET on /session/2fe6678e114ad1dbaf6ea4a96e7a0857/element/0.5104149059159475-6/text (handler: ServicedSession)
16:32:51.953 INFO - To downstream: {"sessionId":"2fe6678e114ad1dbaf6ea4a96e7a0857","status":0,"value":"Recipes"}
16:32:51.955 INFO - Found handler: org.openqa.selenium.remote.server.ServicedSession@28a57e98
16:32:51.955 INFO - Handler thread for session 2fe6678e114ad1dbaf6ea4a96e7a0857 (chrome): Executing POST on /session/2fe6678e114ad1dbaf6ea4a96e7a0857/element (handler: ServicedSession)
16:32:51.956 INFO - To upstream: {"using":"css selector","value":".categories"}
16:32:51.964 INFO - To downstream: {"sessionId":"2fe6678e114ad1dbaf6ea4a96e7a0857","status":0,"value":{"ELEMENT":"0.5104149059159475-7"}}
16:32:51.966 INFO - Found handler: org.openqa.selenium.remote.server.ServicedSession@28a57e98
16:32:51.967 INFO - Handler thread for session 2fe6678e114ad1dbaf6ea4a96e7a0857 (chrome): Executing GET on /session/2fe6678e114ad1dbaf6ea4a96e7a0857/element/0.5104149059159475-7/text (handler: ServicedSession)
16:32:51.977 INFO - To downstream: {"sessionId":"2fe6678e114ad1dbaf6ea4a96e7a0857","status":0,"value":"Categories"}
16:32:51.980 INFO - Found handler: org.openqa.selenium.remote.server.ServicedSession@28a57e98
16:32:51.980 INFO - Handler thread for session 2fe6678e114ad1dbaf6ea4a96e7a0857 (chrome): Executing POST on /session/2fe6678e114ad1dbaf6ea4a96e7a0857/element (handler: ServicedSession)
16:32:51.981 INFO - To upstream: {"using":"css selector","value":"#recipesNav"}
16:32:51.989 INFO - To downstream: {"sessionId":"2fe6678e114ad1dbaf6ea4a96e7a0857","status":0,"value":{"ELEMENT":"0.5104149059159475-8"}}
16:32:51.991 INFO - Found handler: org.openqa.selenium.remote.server.ServicedSession@28a57e98
16:32:51.991 INFO - Handler thread for session 2fe6678e114ad1dbaf6ea4a96e7a0857 (chrome): Executing GET on /session/2fe6678e114ad1dbaf6ea4a96e7a0857/element/0.5104149059159475-8/text (handler: ServicedSession)
16:32:52.002 INFO - To downstream: {"sessionId":"2fe6678e114ad1dbaf6ea4a96e7a0857","status":0,"value":"Recipes"}
16:32:52.004 INFO - Found handler: org.openqa.selenium.remote.server.ServicedSession@28a57e98
16:32:52.004 INFO - Handler thread for session 2fe6678e114ad1dbaf6ea4a96e7a0857 (chrome): Executing POST on /session/2fe6678e114ad1dbaf6ea4a96e7a0857/element (handler: ServicedSession)
16:32:52.005 INFO - To upstream: {"using":"css selector","value":"#signUp"}
16:32:52.010 INFO - To downstream: {"sessionId":"2fe6678e114ad1dbaf6ea4a96e7a0857","status":0,"value":{"ELEMENT":"0.5104149059159475-3"}}
16:32:52.012 INFO - Found handler: org.openqa.selenium.remote.server.ServicedSession@28a57e98
16:32:52.012 INFO - Handler thread for session 2fe6678e114ad1dbaf6ea4a96e7a0857 (chrome): Executing POST on /session/2fe6678e114ad1dbaf6ea4a96e7a0857/element/0.5104149059159475-3/click (handler: ServicedSession)
16:32:52.013 INFO - To upstream: 
16:32:52.069 INFO - To downstream: {"sessionId":"2fe6678e114ad1dbaf6ea4a96e7a0857","status":0,"value":null}
16:32:52.074 INFO - Found handler: org.openqa.selenium.remote.server.ServicedSession@28a57e98
16:32:52.074 INFO - Handler thread for session 2fe6678e114ad1dbaf6ea4a96e7a0857 (chrome): Executing POST on /session/2fe6678e114ad1dbaf6ea4a96e7a0857/element (handler: ServicedSession)
16:32:52.075 INFO - To upstream: {"using":"css selector","value":"#firstName"}
16:32:52.085 INFO - To downstream: {"sessionId":"2fe6678e114ad1dbaf6ea4a96e7a0857","status":0,"value":{"ELEMENT":"0.5104149059159475-9"}}
16:32:52.087 INFO - Found handler: org.openqa.selenium.remote.server.ServicedSession@28a57e98
16:32:52.087 INFO - Handler thread for session 2fe6678e114ad1dbaf6ea4a96e7a0857 (chrome): Executing POST on /session/2fe6678e114ad1dbaf6ea4a96e7a0857/element/0.5104149059159475-9/value (handler: ServicedSession)
16:32:52.088 INFO - To upstream: {"value":["S","e","u","n"]}
16:32:52.159 INFO - To downstream: {"sessionId":"2fe6678e114ad1dbaf6ea4a96e7a0857","status":0,"value":null}
16:32:52.161 INFO - Found handler: org.openqa.selenium.remote.server.ServicedSession@28a57e98
16:32:52.161 INFO - Handler thread for session 2fe6678e114ad1dbaf6ea4a96e7a0857 (chrome): Executing POST on /session/2fe6678e114ad1dbaf6ea4a96e7a0857/element (handler: ServicedSession)
16:32:52.162 INFO - To upstream: {"using":"css selector","value":"#lastName"}
16:32:52.171 INFO - To downstream: {"sessionId":"2fe6678e114ad1dbaf6ea4a96e7a0857","status":0,"value":{"ELEMENT":"0.5104149059159475-10"}}
16:32:52.174 INFO - Found handler: org.openqa.selenium.remote.server.ServicedSession@28a57e98
16:32:52.174 INFO - Handler thread for session 2fe6678e114ad1dbaf6ea4a96e7a0857 (chrome): Executing POST on /session/2fe6678e114ad1dbaf6ea4a96e7a0857/element/0.5104149059159475-10/value (handler: ServicedSession)
16:32:52.175 INFO - To upstream: {"value":["B","e","y","e"]}
16:32:52.217 INFO - To downstream: {"sessionId":"2fe6678e114ad1dbaf6ea4a96e7a0857","status":0,"value":null}
16:32:52.220 INFO - Found handler: org.openqa.selenium.remote.server.ServicedSession@28a57e98
16:32:52.220 INFO - Handler thread for session 2fe6678e114ad1dbaf6ea4a96e7a0857 (chrome): Executing POST on /session/2fe6678e114ad1dbaf6ea4a96e7a0857/element (handler: ServicedSession)
16:32:52.221 INFO - To upstream: {"using":"css selector","value":"#email"}
16:32:52.230 INFO - To downstream: {"sessionId":"2fe6678e114ad1dbaf6ea4a96e7a0857","status":0,"value":{"ELEMENT":"0.5104149059159475-11"}}
16:32:52.232 INFO - Found handler: org.openqa.selenium.remote.server.ServicedSession@28a57e98
16:32:52.232 INFO - Handler thread for session 2fe6678e114ad1dbaf6ea4a96e7a0857 (chrome): Executing POST on /session/2fe6678e114ad1dbaf6ea4a96e7a0857/element/0.5104149059159475-11/value (handler: ServicedSession)
16:32:52.233 INFO - To upstream: {"value":["s","e","u","n","b","e","y","e","@","m","a","i","l",".","c","o","m"]}
16:32:52.347 INFO - To downstream: {"sessionId":"2fe6678e114ad1dbaf6ea4a96e7a0857","status":0,"value":null}
16:32:52.349 INFO - Found handler: org.openqa.selenium.remote.server.ServicedSession@28a57e98
16:32:52.349 INFO - Handler thread for session 2fe6678e114ad1dbaf6ea4a96e7a0857 (chrome): Executing POST on /session/2fe6678e114ad1dbaf6ea4a96e7a0857/element (handler: ServicedSession)
16:32:52.350 INFO - To upstream: {"using":"css selector","value":"#newPassword"}
16:32:52.359 INFO - To downstream: {"sessionId":"2fe6678e114ad1dbaf6ea4a96e7a0857","status":0,"value":{"ELEMENT":"0.5104149059159475-12"}}
16:32:52.362 INFO - Found handler: org.openqa.selenium.remote.server.ServicedSession@28a57e98
16:32:52.362 INFO - Handler thread for session 2fe6678e114ad1dbaf6ea4a96e7a0857 (chrome): Executing POST on /session/2fe6678e114ad1dbaf6ea4a96e7a0857/element/0.5104149059159475-12/value (handler: ServicedSession)
16:32:52.363 INFO - To upstream: {"value":["m","o","t","h","e","r","1","2","3","4"]}
16:32:52.436 INFO - To downstream: {"sessionId":"2fe6678e114ad1dbaf6ea4a96e7a0857","status":0,"value":null}
16:32:52.439 INFO - Found handler: org.openqa.selenium.remote.server.ServicedSession@28a57e98
16:32:52.439 INFO - Handler thread for session 2fe6678e114ad1dbaf6ea4a96e7a0857 (chrome): Executing POST on /session/2fe6678e114ad1dbaf6ea4a96e7a0857/element (handler: ServicedSession)
16:32:52.440 INFO - To upstream: {"using":"css selector","value":"#confirmPassword"}
16:32:52.449 INFO - To downstream: {"sessionId":"2fe6678e114ad1dbaf6ea4a96e7a0857","status":0,"value":{"ELEMENT":"0.5104149059159475-13"}}
16:32:52.452 INFO - Found handler: org.openqa.selenium.remote.server.ServicedSession@28a57e98
16:32:52.452 INFO - Handler thread for session 2fe6678e114ad1dbaf6ea4a96e7a0857 (chrome): Executing POST on /session/2fe6678e114ad1dbaf6ea4a96e7a0857/element/0.5104149059159475-13/value (handler: ServicedSession)
16:32:52.454 INFO - To upstream: {"value":["m","o","t","h","e","r","1","2","3","4"]}
16:32:52.522 INFO - To downstream: {"sessionId":"2fe6678e114ad1dbaf6ea4a96e7a0857","status":0,"value":null}
16:32:52.525 INFO - Found handler: org.openqa.selenium.remote.server.ServicedSession@28a57e98
16:32:52.525 INFO - Handler thread for session 2fe6678e114ad1dbaf6ea4a96e7a0857 (chrome): Executing POST on /session/2fe6678e114ad1dbaf6ea4a96e7a0857/element (handler: ServicedSession)
16:32:52.526 INFO - To upstream: {"using":"css selector","value":"#signUpSubmit"}
16:32:52.536 INFO - To downstream: {"sessionId":"2fe6678e114ad1dbaf6ea4a96e7a0857","status":0,"value":{"ELEMENT":"0.5104149059159475-14"}}
16:32:52.538 INFO - Found handler: org.openqa.selenium.remote.server.ServicedSession@28a57e98
16:32:52.538 INFO - Handler thread for session 2fe6678e114ad1dbaf6ea4a96e7a0857 (chrome): Executing GET on /session/2fe6678e114ad1dbaf6ea4a96e7a0857/element/0.5104149059159475-14/text (handler: ServicedSession)
16:32:52.551 INFO - To downstream: {"sessionId":"2fe6678e114ad1dbaf6ea4a96e7a0857","status":0,"value":"Signup"}
16:32:52.554 INFO - Found handler: org.openqa.selenium.remote.server.ServicedSession@28a57e98
16:32:52.554 INFO - Handler thread for session 2fe6678e114ad1dbaf6ea4a96e7a0857 (chrome): Executing POST on /session/2fe6678e114ad1dbaf6ea4a96e7a0857/execute (handler: ServicedSession)
16:32:52.555 INFO - To upstream: {"script":"var passedArgs = Array.prototype.slice.call(arguments,0); return function () {\n    //eslint-disable-line\n    document.querySelector('#signUpSubmit').click();\n  }.apply(window, passedArgs);","args":[]}
16:32:52.561 INFO - To downstream: {"sessionId":"2fe6678e114ad1dbaf6ea4a96e7a0857","status":0,"value":null}
16:32:53.566 INFO - Found handler: org.openqa.selenium.remote.server.ServicedSession@28a57e98
16:32:53.567 INFO - Handler thread for session 2fe6678e114ad1dbaf6ea4a96e7a0857 (chrome): Executing POST on /session/2fe6678e114ad1dbaf6ea4a96e7a0857/url (handler: ServicedSession)
16:32:53.568 INFO - To upstream: {"url":"http://localhost:7000"}
16:32:53.913 INFO - To downstream: {"sessionId":"2fe6678e114ad1dbaf6ea4a96e7a0857","status":0,"value":null}
16:32:53.917 INFO - Found handler: org.openqa.selenium.remote.server.ServicedSession@28a57e98
16:32:53.918 INFO - Handler thread for session 2fe6678e114ad1dbaf6ea4a96e7a0857 (chrome): Executing POST on /session/2fe6678e114ad1dbaf6ea4a96e7a0857/elements (handler: ServicedSession)
16:32:53.919 INFO - To upstream: {"using":"css selector","value":"body"}
16:32:53.940 INFO - To downstream: {"sessionId":"2fe6678e114ad1dbaf6ea4a96e7a0857","status":0,"value":[{"ELEMENT":"0.99182533470768-1"}]}
16:32:53.942 INFO - Found handler: org.openqa.selenium.remote.server.ServicedSession@28a57e98
16:32:53.942 INFO - Handler thread for session 2fe6678e114ad1dbaf6ea4a96e7a0857 (chrome): Executing GET on /session/2fe6678e114ad1dbaf6ea4a96e7a0857/element/0.99182533470768-1/displayed (handler: ServicedSession)
16:32:53.950 INFO - To downstream: {"sessionId":"2fe6678e114ad1dbaf6ea4a96e7a0857","status":0,"value":true}
16:32:53.952 INFO - Found handler: org.openqa.selenium.remote.server.ServicedSession@28a57e98
16:32:53.953 INFO - Handler thread for session 2fe6678e114ad1dbaf6ea4a96e7a0857 (chrome): Executing GET on /session/2fe6678e114ad1dbaf6ea4a96e7a0857/title (handler: ServicedSession)
16:32:53.955 INFO - To downstream: {"sessionId":"2fe6678e114ad1dbaf6ea4a96e7a0857","status":0,"value":"Get Your Recipe"}
16:32:53.957 INFO - Found handler: org.openqa.selenium.remote.server.ServicedSession@28a57e98
16:32:53.958 INFO - Handler thread for session 2fe6678e114ad1dbaf6ea4a96e7a0857 (chrome): Executing POST on /session/2fe6678e114ad1dbaf6ea4a96e7a0857/element (handler: ServicedSession)
16:32:53.958 INFO - To upstream: {"using":"css selector","value":"#user-drop-down"}
16:32:53.967 INFO - To downstream: {"sessionId":"2fe6678e114ad1dbaf6ea4a96e7a0857","status":0,"value":{"ELEMENT":"0.99182533470768-2"}}
16:32:53.969 INFO - Found handler: org.openqa.selenium.remote.server.ServicedSession@28a57e98
16:32:53.969 INFO - Handler thread for session 2fe6678e114ad1dbaf6ea4a96e7a0857 (chrome): Executing GET on /session/2fe6678e114ad1dbaf6ea4a96e7a0857/element/0.99182533470768-2/text (handler: ServicedSession)
16:32:53.982 INFO - To downstream: {"sessionId":"2fe6678e114ad1dbaf6ea4a96e7a0857","status":0,"value":"Seun"}
16:32:53.984 INFO - Found handler: org.openqa.selenium.remote.server.ServicedSession@28a57e98
16:32:53.985 INFO - Handler thread for session 2fe6678e114ad1dbaf6ea4a96e7a0857 (chrome): Executing POST on /session/2fe6678e114ad1dbaf6ea4a96e7a0857/element (handler: ServicedSession)
16:32:53.985 INFO - To upstream: {"using":"css selector","value":"#user-drop-down"}
16:32:53.991 INFO - To downstream: {"sessionId":"2fe6678e114ad1dbaf6ea4a96e7a0857","status":0,"value":{"ELEMENT":"0.99182533470768-2"}}
16:32:53.993 INFO - Found handler: org.openqa.selenium.remote.server.ServicedSession@28a57e98
16:32:53.994 INFO - Handler thread for session 2fe6678e114ad1dbaf6ea4a96e7a0857 (chrome): Executing POST on /session/2fe6678e114ad1dbaf6ea4a96e7a0857/element/0.99182533470768-2/click (handler: ServicedSession)
16:32:53.994 INFO - To upstream: 
16:32:54.161 INFO - To downstream: {"sessionId":"2fe6678e114ad1dbaf6ea4a96e7a0857","status":0,"value":null}
16:32:54.165 INFO - Found handler: org.openqa.selenium.remote.server.ServicedSession@28a57e98
16:32:54.167 INFO - Handler thread for session 2fe6678e114ad1dbaf6ea4a96e7a0857 (chrome): Executing POST on /session/2fe6678e114ad1dbaf6ea4a96e7a0857/element (handler: ServicedSession)
16:32:54.168 INFO - To upstream: {"using":"css selector","value":".overlay__h3"}
16:32:54.176 INFO - To downstream: {"sessionId":"2fe6678e114ad1dbaf6ea4a96e7a0857","status":0,"value":{"ELEMENT":"0.99182533470768-3"}}
16:32:54.179 INFO - Found handler: org.openqa.selenium.remote.server.ServicedSession@28a57e98
16:32:54.179 INFO - Handler thread for session 2fe6678e114ad1dbaf6ea4a96e7a0857 (chrome): Executing GET on /session/2fe6678e114ad1dbaf6ea4a96e7a0857/element/0.99182533470768-3/text (handler: ServicedSession)
16:32:54.192 INFO - To downstream: {"sessionId":"2fe6678e114ad1dbaf6ea4a96e7a0857","status":0,"value":"Welcome To Recipes. All About Reciping"}
16:32:54.195 INFO - Found handler: org.openqa.selenium.remote.server.ServicedSession@28a57e98
16:32:54.195 INFO - Handler thread for session 2fe6678e114ad1dbaf6ea4a96e7a0857 (chrome): Executing POST on /session/2fe6678e114ad1dbaf6ea4a96e7a0857/element (handler: ServicedSession)
16:32:54.196 INFO - To upstream: {"using":"css selector","value":".title__link"}
16:32:54.201 INFO - To downstream: {"sessionId":"2fe6678e114ad1dbaf6ea4a96e7a0857","status":0,"value":{"ELEMENT":"0.99182533470768-4"}}
16:32:54.203 INFO - Found handler: org.openqa.selenium.remote.server.ServicedSession@28a57e98
16:32:54.203 INFO - Handler thread for session 2fe6678e114ad1dbaf6ea4a96e7a0857 (chrome): Executing GET on /session/2fe6678e114ad1dbaf6ea4a96e7a0857/element/0.99182533470768-4/text (handler: ServicedSession)
16:32:54.215 INFO - To downstream: {"sessionId":"2fe6678e114ad1dbaf6ea4a96e7a0857","status":0,"value":"Recipes"}
16:32:54.218 INFO - Found handler: org.openqa.selenium.remote.server.ServicedSession@28a57e98
16:32:54.218 INFO - Handler thread for session 2fe6678e114ad1dbaf6ea4a96e7a0857 (chrome): Executing POST on /session/2fe6678e114ad1dbaf6ea4a96e7a0857/element (handler: ServicedSession)
16:32:54.219 INFO - To upstream: {"using":"css selector","value":"#brand"}
16:32:54.225 INFO - To downstream: {"sessionId":"2fe6678e114ad1dbaf6ea4a96e7a0857","status":0,"value":{"ELEMENT":"0.99182533470768-5"}}
16:32:54.227 INFO - Found handler: org.openqa.selenium.remote.server.ServicedSession@28a57e98
16:32:54.227 INFO - Handler thread for session 2fe6678e114ad1dbaf6ea4a96e7a0857 (chrome): Executing GET on /session/2fe6678e114ad1dbaf6ea4a96e7a0857/element/0.99182533470768-5/text (handler: ServicedSession)
16:32:54.237 INFO - To downstream: {"sessionId":"2fe6678e114ad1dbaf6ea4a96e7a0857","status":0,"value":"Recipes"}
16:32:54.240 INFO - Found handler: org.openqa.selenium.remote.server.ServicedSession@28a57e98
16:32:54.240 INFO - Handler thread for session 2fe6678e114ad1dbaf6ea4a96e7a0857 (chrome): Executing POST on /session/2fe6678e114ad1dbaf6ea4a96e7a0857/element (handler: ServicedSession)
16:32:54.241 INFO - To upstream: {"using":"css selector","value":".categories"}
16:32:54.245 INFO - To downstream: {"sessionId":"2fe6678e114ad1dbaf6ea4a96e7a0857","status":0,"value":{"ELEMENT":"0.99182533470768-6"}}
16:32:54.247 INFO - Found handler: org.openqa.selenium.remote.server.ServicedSession@28a57e98
16:32:54.247 INFO - Handler thread for session 2fe6678e114ad1dbaf6ea4a96e7a0857 (chrome): Executing GET on /session/2fe6678e114ad1dbaf6ea4a96e7a0857/element/0.99182533470768-6/text (handler: ServicedSession)
16:32:54.258 INFO - To downstream: {"sessionId":"2fe6678e114ad1dbaf6ea4a96e7a0857","status":0,"value":"Categories"}
16:32:54.260 INFO - Found handler: org.openqa.selenium.remote.server.ServicedSession@28a57e98
16:32:54.260 INFO - Handler thread for session 2fe6678e114ad1dbaf6ea4a96e7a0857 (chrome): Executing POST on /session/2fe6678e114ad1dbaf6ea4a96e7a0857/url (handler: ServicedSession)
16:32:54.261 INFO - To upstream: {"url":"http://localhost:7000"}
16:32:54.505 INFO - To downstream: {"sessionId":"2fe6678e114ad1dbaf6ea4a96e7a0857","status":0,"value":null}
16:32:54.508 INFO - Found handler: org.openqa.selenium.remote.server.ServicedSession@28a57e98
16:32:54.508 INFO - Handler thread for session 2fe6678e114ad1dbaf6ea4a96e7a0857 (chrome): Executing POST on /session/2fe6678e114ad1dbaf6ea4a96e7a0857/elements (handler: ServicedSession)
16:32:54.509 INFO - To upstream: {"using":"css selector","value":"body"}
16:32:54.529 INFO - To downstream: {"sessionId":"2fe6678e114ad1dbaf6ea4a96e7a0857","status":0,"value":[{"ELEMENT":"0.16918072364215364-1"}]}
16:32:54.531 INFO - Found handler: org.openqa.selenium.remote.server.ServicedSession@28a57e98
16:32:54.531 INFO - Handler thread for session 2fe6678e114ad1dbaf6ea4a96e7a0857 (chrome): Executing GET on /session/2fe6678e114ad1dbaf6ea4a96e7a0857/element/0.16918072364215364-1/displayed (handler: ServicedSession)
16:32:54.540 INFO - To downstream: {"sessionId":"2fe6678e114ad1dbaf6ea4a96e7a0857","status":0,"value":true}
16:32:54.542 INFO - Found handler: org.openqa.selenium.remote.server.ServicedSession@28a57e98
16:32:54.543 INFO - Handler thread for session 2fe6678e114ad1dbaf6ea4a96e7a0857 (chrome): Executing GET on /session/2fe6678e114ad1dbaf6ea4a96e7a0857/title (handler: ServicedSession)
16:32:54.545 INFO - To downstream: {"sessionId":"2fe6678e114ad1dbaf6ea4a96e7a0857","status":0,"value":"Get Your Recipe"}
16:32:54.547 INFO - Found handler: org.openqa.selenium.remote.server.ServicedSession@28a57e98
16:32:54.548 INFO - Handler thread for session 2fe6678e114ad1dbaf6ea4a96e7a0857 (chrome): Executing POST on /session/2fe6678e114ad1dbaf6ea4a96e7a0857/element (handler: ServicedSession)
16:32:54.548 INFO - To upstream: {"using":"css selector","value":"#user-drop-down"}
16:32:54.553 INFO - To downstream: {"sessionId":"2fe6678e114ad1dbaf6ea4a96e7a0857","status":0,"value":{"ELEMENT":"0.16918072364215364-2"}}
16:32:54.555 INFO - Found handler: org.openqa.selenium.remote.server.ServicedSession@28a57e98
16:32:54.555 INFO - Handler thread for session 2fe6678e114ad1dbaf6ea4a96e7a0857 (chrome): Executing GET on /session/2fe6678e114ad1dbaf6ea4a96e7a0857/element/0.16918072364215364-2/text (handler: ServicedSession)
16:32:54.568 INFO - To downstream: {"sessionId":"2fe6678e114ad1dbaf6ea4a96e7a0857","status":0,"value":"Seun"}
16:32:54.570 INFO - Found handler: org.openqa.selenium.remote.server.ServicedSession@28a57e98
16:32:54.570 INFO - Handler thread for session 2fe6678e114ad1dbaf6ea4a96e7a0857 (chrome): Executing POST on /session/2fe6678e114ad1dbaf6ea4a96e7a0857/element (handler: ServicedSession)
16:32:54.571 INFO - To upstream: {"using":"css selector","value":".overlay__h3"}
16:32:54.576 INFO - To downstream: {"sessionId":"2fe6678e114ad1dbaf6ea4a96e7a0857","status":0,"value":{"ELEMENT":"0.16918072364215364-3"}}
16:32:54.579 INFO - Found handler: org.openqa.selenium.remote.server.ServicedSession@28a57e98
16:32:54.579 INFO - Handler thread for session 2fe6678e114ad1dbaf6ea4a96e7a0857 (chrome): Executing GET on /session/2fe6678e114ad1dbaf6ea4a96e7a0857/element/0.16918072364215364-3/text (handler: ServicedSession)
16:32:54.592 INFO - To downstream: {"sessionId":"2fe6678e114ad1dbaf6ea4a96e7a0857","status":0,"value":"Welcome To Recipes. All About Reciping"}
16:32:54.595 INFO - Found handler: org.openqa.selenium.remote.server.ServicedSession@28a57e98
16:32:54.595 INFO - Handler thread for session 2fe6678e114ad1dbaf6ea4a96e7a0857 (chrome): Executing POST on /session/2fe6678e114ad1dbaf6ea4a96e7a0857/element (handler: ServicedSession)
16:32:54.596 INFO - To upstream: {"using":"css selector","value":".title__link"}
16:32:54.602 INFO - To downstream: {"sessionId":"2fe6678e114ad1dbaf6ea4a96e7a0857","status":0,"value":{"ELEMENT":"0.16918072364215364-4"}}
16:32:54.604 INFO - Found handler: org.openqa.selenium.remote.server.ServicedSession@28a57e98
16:32:54.605 INFO - Handler thread for session 2fe6678e114ad1dbaf6ea4a96e7a0857 (chrome): Executing GET on /session/2fe6678e114ad1dbaf6ea4a96e7a0857/element/0.16918072364215364-4/text (handler: ServicedSession)
16:32:54.618 INFO - To downstream: {"sessionId":"2fe6678e114ad1dbaf6ea4a96e7a0857","status":0,"value":"Recipes"}
16:32:54.621 INFO - Found handler: org.openqa.selenium.remote.server.ServicedSession@28a57e98
16:32:54.621 INFO - Handler thread for session 2fe6678e114ad1dbaf6ea4a96e7a0857 (chrome): Executing POST on /session/2fe6678e114ad1dbaf6ea4a96e7a0857/element (handler: ServicedSession)
16:32:54.622 INFO - To upstream: {"using":"css selector","value":"#brand"}
16:32:54.627 INFO - To downstream: {"sessionId":"2fe6678e114ad1dbaf6ea4a96e7a0857","status":0,"value":{"ELEMENT":"0.16918072364215364-5"}}
16:32:54.630 INFO - Found handler: org.openqa.selenium.remote.server.ServicedSession@28a57e98
16:32:54.630 INFO - Handler thread for session 2fe6678e114ad1dbaf6ea4a96e7a0857 (chrome): Executing GET on /session/2fe6678e114ad1dbaf6ea4a96e7a0857/element/0.16918072364215364-5/text (handler: ServicedSession)
16:32:54.642 INFO - To downstream: {"sessionId":"2fe6678e114ad1dbaf6ea4a96e7a0857","status":0,"value":"Recipes"}
16:32:54.646 INFO - Found handler: org.openqa.selenium.remote.server.ServicedSession@28a57e98
16:32:54.646 INFO - Handler thread for session 2fe6678e114ad1dbaf6ea4a96e7a0857 (chrome): Executing POST on /session/2fe6678e114ad1dbaf6ea4a96e7a0857/element (handler: ServicedSession)
16:32:54.647 INFO - To upstream: {"using":"css selector","value":".categories"}
16:32:54.654 INFO - To downstream: {"sessionId":"2fe6678e114ad1dbaf6ea4a96e7a0857","status":0,"value":{"ELEMENT":"0.16918072364215364-6"}}
16:32:54.657 INFO - Found handler: org.openqa.selenium.remote.server.ServicedSession@28a57e98
16:32:54.657 INFO - Handler thread for session 2fe6678e114ad1dbaf6ea4a96e7a0857 (chrome): Executing GET on /session/2fe6678e114ad1dbaf6ea4a96e7a0857/element/0.16918072364215364-6/text (handler: ServicedSession)
16:32:54.673 INFO - To downstream: {"sessionId":"2fe6678e114ad1dbaf6ea4a96e7a0857","status":0,"value":"Categories"}
16:32:54.679 INFO - Found handler: org.openqa.selenium.remote.server.ServicedSession@28a57e98
16:32:54.679 INFO - Handler thread for session 2fe6678e114ad1dbaf6ea4a96e7a0857 (chrome): Executing POST on /session/2fe6678e114ad1dbaf6ea4a96e7a0857/element (handler: ServicedSession)
16:32:54.680 INFO - To upstream: {"using":"css selector","value":"#user-drop-down"}
16:32:54.687 INFO - To downstream: {"sessionId":"2fe6678e114ad1dbaf6ea4a96e7a0857","status":0,"value":{"ELEMENT":"0.16918072364215364-2"}}
16:32:54.690 INFO - Found handler: org.openqa.selenium.remote.server.ServicedSession@28a57e98
16:32:54.690 INFO - Handler thread for session 2fe6678e114ad1dbaf6ea4a96e7a0857 (chrome): Executing POST on /session/2fe6678e114ad1dbaf6ea4a96e7a0857/element/0.16918072364215364-2/click (handler: ServicedSession)
16:32:54.691 INFO - To upstream: 
16:32:54.732 INFO - To downstream: {"sessionId":"2fe6678e114ad1dbaf6ea4a96e7a0857","status":0,"value":null}
16:32:54.734 INFO - Found handler: org.openqa.selenium.remote.server.ServicedSession@28a57e98
16:32:54.734 INFO - Handler thread for session 2fe6678e114ad1dbaf6ea4a96e7a0857 (chrome): Executing POST on /session/2fe6678e114ad1dbaf6ea4a96e7a0857/element (handler: ServicedSession)
16:32:54.735 INFO - To upstream: {"using":"css selector","value":"#my-recipes"}
16:32:54.744 INFO - To downstream: {"sessionId":"2fe6678e114ad1dbaf6ea4a96e7a0857","status":0,"value":{"ELEMENT":"0.16918072364215364-7"}}
16:32:54.747 INFO - Found handler: org.openqa.selenium.remote.server.ServicedSession@28a57e98
16:32:54.747 INFO - Handler thread for session 2fe6678e114ad1dbaf6ea4a96e7a0857 (chrome): Executing POST on /session/2fe6678e114ad1dbaf6ea4a96e7a0857/element/0.16918072364215364-7/click (handler: ServicedSession)
16:32:54.748 INFO - To upstream: 
16:32:54.844 INFO - To downstream: {"sessionId":"2fe6678e114ad1dbaf6ea4a96e7a0857","status":0,"value":null}
16:32:54.846 INFO - Found handler: org.openqa.selenium.remote.server.ServicedSession@28a57e98
16:32:54.846 INFO - Handler thread for session 2fe6678e114ad1dbaf6ea4a96e7a0857 (chrome): Executing POST on /session/2fe6678e114ad1dbaf6ea4a96e7a0857/elements (handler: ServicedSession)
16:32:54.847 INFO - To upstream: {"using":"css selector","value":"#userRecipesBody"}
16:32:54.886 INFO - To downstream: {"sessionId":"2fe6678e114ad1dbaf6ea4a96e7a0857","status":0,"value":[{"ELEMENT":"0.16918072364215364-8"}]}
16:32:54.889 INFO - Found handler: org.openqa.selenium.remote.server.ServicedSession@28a57e98
16:32:54.889 INFO - Handler thread for session 2fe6678e114ad1dbaf6ea4a96e7a0857 (chrome): Executing GET on /session/2fe6678e114ad1dbaf6ea4a96e7a0857/element/0.16918072364215364-8/displayed (handler: ServicedSession)
16:32:54.900 INFO - To downstream: {"sessionId":"2fe6678e114ad1dbaf6ea4a96e7a0857","status":0,"value":true}
16:32:55.909 INFO - Found handler: org.openqa.selenium.remote.server.ServicedSession@28a57e98
16:32:55.909 INFO - Handler thread for session 2fe6678e114ad1dbaf6ea4a96e7a0857 (chrome): Executing POST on /session/2fe6678e114ad1dbaf6ea4a96e7a0857/element (handler: ServicedSession)
16:32:55.910 INFO - To upstream: {"using":"css selector","value":"#addRecipe"}
16:32:55.921 INFO - To downstream: {"sessionId":"2fe6678e114ad1dbaf6ea4a96e7a0857","status":0,"value":{"ELEMENT":"0.16918072364215364-9"}}
16:32:55.923 INFO - Found handler: org.openqa.selenium.remote.server.ServicedSession@28a57e98
16:32:55.923 INFO - Handler thread for session 2fe6678e114ad1dbaf6ea4a96e7a0857 (chrome): Executing POST on /session/2fe6678e114ad1dbaf6ea4a96e7a0857/element/0.16918072364215364-9/click (handler: ServicedSession)
16:32:55.924 INFO - To upstream: 
16:32:55.956 INFO - To downstream: {"sessionId":"2fe6678e114ad1dbaf6ea4a96e7a0857","status":0,"value":null}
16:32:55.959 INFO - Found handler: org.openqa.selenium.remote.server.ServicedSession@28a57e98
16:32:55.959 INFO - Handler thread for session 2fe6678e114ad1dbaf6ea4a96e7a0857 (chrome): Executing POST on /session/2fe6678e114ad1dbaf6ea4a96e7a0857/elements (handler: ServicedSession)
16:32:55.960 INFO - To upstream: {"using":"css selector","value":"#addModal"}
16:32:55.968 INFO - To downstream: {"sessionId":"2fe6678e114ad1dbaf6ea4a96e7a0857","status":0,"value":[{"ELEMENT":"0.16918072364215364-10"}]}
16:32:55.970 INFO - Found handler: org.openqa.selenium.remote.server.ServicedSession@28a57e98
16:32:55.970 INFO - Handler thread for session 2fe6678e114ad1dbaf6ea4a96e7a0857 (chrome): Executing GET on /session/2fe6678e114ad1dbaf6ea4a96e7a0857/element/0.16918072364215364-10/displayed (handler: ServicedSession)
16:32:55.979 INFO - To downstream: {"sessionId":"2fe6678e114ad1dbaf6ea4a96e7a0857","status":0,"value":false}
16:32:56.484 INFO - Found handler: org.openqa.selenium.remote.server.ServicedSession@28a57e98
16:32:56.484 INFO - Handler thread for session 2fe6678e114ad1dbaf6ea4a96e7a0857 (chrome): Executing GET on /session/2fe6678e114ad1dbaf6ea4a96e7a0857/element/0.16918072364215364-10/displayed (handler: ServicedSession)
16:32:56.491 INFO - To downstream: {"sessionId":"2fe6678e114ad1dbaf6ea4a96e7a0857","status":0,"value":true}
16:32:57.500 INFO - Found handler: org.openqa.selenium.remote.server.ServicedSession@28a57e98
16:32:57.501 INFO - Handler thread for session 2fe6678e114ad1dbaf6ea4a96e7a0857 (chrome): Executing POST on /session/2fe6678e114ad1dbaf6ea4a96e7a0857/element (handler: ServicedSession)
16:32:57.502 INFO - To upstream: {"using":"css selector","value":"#recipeName"}
16:32:57.513 INFO - To downstream: {"sessionId":"2fe6678e114ad1dbaf6ea4a96e7a0857","status":0,"value":{"ELEMENT":"0.16918072364215364-11"}}
16:32:57.517 INFO - Found handler: org.openqa.selenium.remote.server.ServicedSession@28a57e98
16:32:57.517 INFO - Handler thread for session 2fe6678e114ad1dbaf6ea4a96e7a0857 (chrome): Executing POST on /session/2fe6678e114ad1dbaf6ea4a96e7a0857/element/0.16918072364215364-11/value (handler: ServicedSession)
16:32:57.517 INFO - To upstream: {"value":["A","m","a","l","a"]}
16:32:57.572 INFO - To downstream: {"sessionId":"2fe6678e114ad1dbaf6ea4a96e7a0857","status":0,"value":null}
16:32:57.575 INFO - Found handler: org.openqa.selenium.remote.server.ServicedSession@28a57e98
16:32:57.575 INFO - Handler thread for session 2fe6678e114ad1dbaf6ea4a96e7a0857 (chrome): Executing POST on /session/2fe6678e114ad1dbaf6ea4a96e7a0857/element (handler: ServicedSession)
16:32:57.576 INFO - To upstream: {"using":"css selector","value":"#recipeDescription"}
16:32:57.584 INFO - To downstream: {"sessionId":"2fe6678e114ad1dbaf6ea4a96e7a0857","status":0,"value":{"ELEMENT":"0.16918072364215364-12"}}
16:32:57.586 INFO - Found handler: org.openqa.selenium.remote.server.ServicedSession@28a57e98
16:32:57.587 INFO - Handler thread for session 2fe6678e114ad1dbaf6ea4a96e7a0857 (chrome): Executing POST on /session/2fe6678e114ad1dbaf6ea4a96e7a0857/element/0.16918072364215364-12/value (handler: ServicedSession)
16:32:57.587 INFO - To upstream: {"value":["T","h","i","s"," ","i","s"," ","o","f"," ","N","i","g","e","r","i","a"," ","f","i","n","e","s","t"," ","f","o","o","d"]}
16:32:57.760 INFO - To downstream: {"sessionId":"2fe6678e114ad1dbaf6ea4a96e7a0857","status":0,"value":null}
16:32:57.762 INFO - Found handler: org.openqa.selenium.remote.server.ServicedSession@28a57e98
16:32:57.762 INFO - Handler thread for session 2fe6678e114ad1dbaf6ea4a96e7a0857 (chrome): Executing POST on /session/2fe6678e114ad1dbaf6ea4a96e7a0857/element (handler: ServicedSession)
16:32:57.763 INFO - To upstream: {"using":"css selector","value":"#categoryId"}
16:32:57.772 INFO - To downstream: {"sessionId":"2fe6678e114ad1dbaf6ea4a96e7a0857","status":0,"value":{"ELEMENT":"0.16918072364215364-13"}}
16:32:57.774 INFO - Found handler: org.openqa.selenium.remote.server.ServicedSession@28a57e98
16:32:57.774 INFO - Handler thread for session 2fe6678e114ad1dbaf6ea4a96e7a0857 (chrome): Executing POST on /session/2fe6678e114ad1dbaf6ea4a96e7a0857/element/0.16918072364215364-13/click (handler: ServicedSession)
16:32:57.775 INFO - To upstream: 
16:32:57.846 INFO - To downstream: {"sessionId":"2fe6678e114ad1dbaf6ea4a96e7a0857","status":0,"value":null}
16:32:57.849 INFO - Found handler: org.openqa.selenium.remote.server.ServicedSession@28a57e98
16:32:57.850 INFO - Handler thread for session 2fe6678e114ad1dbaf6ea4a96e7a0857 (chrome): Executing POST on /session/2fe6678e114ad1dbaf6ea4a96e7a0857/element (handler: ServicedSession)
16:32:57.851 INFO - To upstream: {"using":"css selector","value":"#categoryLunch"}
16:32:57.860 INFO - To downstream: {"sessionId":"2fe6678e114ad1dbaf6ea4a96e7a0857","status":0,"value":{"ELEMENT":"0.16918072364215364-14"}}
16:32:57.862 INFO - Found handler: org.openqa.selenium.remote.server.ServicedSession@28a57e98
16:32:57.862 INFO - Handler thread for session 2fe6678e114ad1dbaf6ea4a96e7a0857 (chrome): Executing POST on /session/2fe6678e114ad1dbaf6ea4a96e7a0857/element/0.16918072364215364-14/click (handler: ServicedSession)
16:32:57.863 INFO - To upstream: 
16:32:58.128 INFO - To downstream: {"sessionId":"2fe6678e114ad1dbaf6ea4a96e7a0857","status":0,"value":null}
16:32:58.132 INFO - Found handler: org.openqa.selenium.remote.server.ServicedSession@28a57e98
16:32:58.132 INFO - Handler thread for session 2fe6678e114ad1dbaf6ea4a96e7a0857 (chrome): Executing POST on /session/2fe6678e114ad1dbaf6ea4a96e7a0857/element (handler: ServicedSession)
16:32:58.133 INFO - To upstream: {"using":"css selector","value":"#submit"}
16:32:58.144 INFO - To downstream: {"sessionId":"2fe6678e114ad1dbaf6ea4a96e7a0857","status":0,"value":{"ELEMENT":"0.16918072364215364-15"}}
16:32:58.146 INFO - Found handler: org.openqa.selenium.remote.server.ServicedSession@28a57e98
16:32:58.146 INFO - Handler thread for session 2fe6678e114ad1dbaf6ea4a96e7a0857 (chrome): Executing POST on /session/2fe6678e114ad1dbaf6ea4a96e7a0857/element/0.16918072364215364-15/click (handler: ServicedSession)
16:32:58.147 INFO - To upstream: 
16:32:58.188 INFO - To downstream: {"sessionId":"2fe6678e114ad1dbaf6ea4a96e7a0857","status":0,"value":null}
16:33:01.195 INFO - Found handler: org.openqa.selenium.remote.server.ServicedSession@28a57e98
16:33:01.195 INFO - Handler thread for session 2fe6678e114ad1dbaf6ea4a96e7a0857 (chrome): Executing DELETE on /session/2fe6678e114ad1dbaf6ea4a96e7a0857 (handler: ServicedSession)
16:33:01.248 INFO - To downstream: {"sessionId":"2fe6678e114ad1dbaf6ea4a96e7a0857","status":0,"value":null}
16:33:01.258 INFO - Removing session org.openqa.selenium.remote.server.ServicedSession@28a57e98
